<?xml version="1.0" encoding="UTF-8" ?>
<testsuite tests="43" failures="0" name="TestRunner.CucumberRunnerTest" time="34.796" errors="0" skipped="0">
  <properties>
[...]
</properties>
  <testcase classname="Scenario: Check that main elements on Google Homepage are displayed" name="Given user loads fixture &quot;TestData_Trane.xlsx&quot;" time="0"/>
  <testcase classname="Scenario: Check that main elements on Google Homepage are displayed" name="Given user launches browser in chrome" time="0"/>
  <testcase classname="Scenario: Check that main elements on Google Homepage are displayed" name="And user enters url as &quot;#ApplicationURL&quot;" time="0"/>
  <testcase classname="Scenario: Check that main elements on Google Homepage are displayed" name="And user maximize the window" time="0"/>
  <testcase classname="Scenario: Check that main elements on Google Homepage are displayed" name="And user enters text &quot;#UserName&quot; in the textbox with attribute &quot;id&quot; and value &quot;userName&quot;" time="0.013"/>
  <testcase classname="Scenario: Check that main elements on Google Homepage are displayed" name="And user enters text &quot;#Password&quot; in the textbox with attribute &quot;id&quot; and value &quot;password&quot;" time="0"/>
  <testcase classname="Scenario: Check that main elements on Google Homepage are displayed" name="And user click element with value &quot;logMeInButton&quot;" time="0"/>
  <testcase classname="Scenario: Check that main elements on Google Homepage are displayed" name="And user click element with value &quot;inventory_button&quot;" time="0"/>
  <testcase classname="Scenario: Check that main elements on Google Homepage are displayed" name="And user click element with value &quot;inside_retailed_inventory&quot;" time="0"/>
  <testcase classname="Scenario: Check that main elements on Google Homepage are displayed" name="And user switch to frame with value &quot;tab_0_iframe&quot;" time="0"/>
  <testcase classname="Scenario: Check that main elements on Google Homepage are displayed" name="And user click element with select &quot;th&quot; and attribute &quot;class&quot; and value &quot;dgrid-cell dgrid-cell-padding dgrid-column-inventoryTable_col_wntyEndDate field-wntyEndDate dgrid-sortable&quot;" time="0"/>
  <testcase classname="Scenario: Check that main elements on Google Homepage are displayed" name="And user click element with select &quot;th&quot; and attribute &quot;class&quot; and value &quot;dgrid-cell dgrid-cell-padding dgrid-column-inventoryTable_col_wntyEndDate field-wntyEndDate dgrid-sortable&quot;" time="0"/>
  <testcase classname="Scenario: Check that main elements on Google Homepage are displayed" name="And user input the model number" time="0"/>
  <testcase classname="Scenario: Check that main elements on Google Homepage are displayed" name="And user apply the wait of 20" time="0"/>
  <testcase classname="Scenario: Check that main elements on Google Homepage are displayed" name="And user click element with select &quot;div&quot; and attribute &quot;class&quot; and value &quot; ui-state-default dgrid-row dgrid-row-even dgrid-selected ui-state-active&quot;" time="0"/>
  <testcase classname="Scenario: Check that main elements on Google Homepage are displayed" name="And user click element with value &quot;_summaryTable_button_createClaimButton_label&quot;" time="0"/>
  <testcase classname="Scenario: Check that main elements on Google Homepage are displayed" name="And user switch to default window" time="0"/>
  <testcase classname="Scenario: Check that main elements on Google Homepage are displayed" name="And user switch to frame with value &quot;tab_1_iframe&quot;" time="0"/>
  <testcase classname="Scenario: Check that main elements on Google Homepage are displayed" name="And user enters text &quot;#DieselHour&quot; in the textbox with attribute &quot;id&quot; and value &quot;hoursInService&quot;" time="0"/>
  <testcase classname="Scenario: Check that main elements on Google Homepage are displayed" name="And user enters text &quot;#ElectricHour&quot; in the textbox with attribute &quot;id&quot; and value &quot;electricHours&quot;" time="0"/>
  <testcase classname="Scenario: Check that main elements on Google Homepage are displayed" name="And user enters text &quot;#WorkOrderNumber&quot; in the textbox with attribute &quot;id&quot; and value &quot;workOrderNumber&quot;" time="0"/>
  <testcase classname="Scenario: Check that main elements on Google Homepage are displayed" name="And user click element with value &quot;widget_dateOfFailure&quot;" time="0"/>
  <testcase classname="Scenario: Check that main elements on Google Homepage are displayed" name="And user select the previous date" time="0"/>
  <testcase classname="Scenario: Check that main elements on Google Homepage are displayed" name="And user click element with value &quot;widget_dateOfRepair&quot;" time="0"/>
  <testcase classname="Scenario: Check that main elements on Google Homepage are displayed" name="And user select the previous date" time="0"/>
  <testcase classname="Scenario: Check that main elements on Google Homepage are displayed" name="And user click element with value &quot;form_0&quot;" time="0"/>
  <testcase classname="Scenario: Check that main elements on Google Homepage are displayed" name="And user scroll to the element with value &quot;casualPartNumberLabel&quot;" time="0"/>
  <testcase classname="Scenario: Check that main elements on Google Homepage are displayed" name="And user enters text &quot;#CasualPartNumber&quot; in the textbox with attribute &quot;id&quot; and value &quot;causalPart&quot;" time="0"/>
  <testcase classname="Scenario: Check that main elements on Google Homepage are displayed" name="And user click element with value &quot;casualPartNumberLabel&quot;" time="0"/>
  <testcase classname="Scenario: Check that main elements on Google Homepage are displayed" name="And user click element with value &quot;launchFaultCodeTree&quot;" time="0"/>
  <testcase classname="Scenario: Check that main elements on Google Homepage are displayed" name="And user select the radio button value with &quot;dijit_form_RadioButton_0&quot;" time="0"/>
  <testcase classname="Scenario: Check that main elements on Google Homepage are displayed" name="And user click element with value &quot;addFaultCode&quot;" time="0"/>
  <testcase classname="Scenario: Check that main elements on Google Homepage are displayed" name="And user enters text &quot;#FaultFound&quot; in the textbox with attribute &quot;id&quot; and value &quot;faultFound&quot;" time="0"/>
  <testcase classname="Scenario: Check that main elements on Google Homepage are displayed" name="And user click element with value &quot;casualPartNumberLabel&quot;" time="0"/>
  <testcase classname="Scenario: Check that main elements on Google Homepage are displayed" name="And user scroll to the element with value &quot;widget_technicianId&quot;" time="0"/>
  <testcase classname="Scenario: Check that main elements on Google Homepage are displayed" name="And user clear the textbox with value &quot;technicianId&quot;" time="0"/>
  <testcase classname="Scenario: Check that main elements on Google Homepage are displayed" name="And user enters text &quot;#TechnicianName&quot; in the textbox with attribute &quot;id&quot; and value &quot;technicianId&quot;" time="0"/>
  <testcase classname="Scenario: Check that main elements on Google Homepage are displayed" name="And user click element with attribute &quot;class&quot; and value &quot;dijitReset dijitInputField dijitArrowButtonInner&quot; and index 5" time="0"/>
  <testcase classname="Scenario: Check that main elements on Google Homepage are displayed" name="And user enters textarea &quot;#ConditionFound&quot; in the textbox with attribute &quot;id&quot; and value &quot;condition_found&quot;" time="0"/>
  <testcase classname="Scenario: Check that main elements on Google Homepage are displayed" name="And user enters textarea &quot;#WorkPerformed&quot; in the textbox with attribute &quot;id&quot; and value &quot;work_performed&quot;" time="0"/>
  <testcase classname="Scenario: Check that main elements on Google Homepage are displayed" name="And user click element with value &quot;validateButton&quot;" time="0"/>
  <testcase classname="Scenario: Check that main elements on Google Homepage are displayed" name="And user click element with value &quot;submitButton&quot;" time="0"/>
  <testcase classname="Scenario: Check that main elements on Google Homepage are displayed" name="Scenario: Check that main elements on Google Homepage are displayed" time="0"/>
</testsuite>